SyntaxError: /Users/abhijita/Documents/Project_Netra/tests/e2e/navtabs.spec.ts: Unexpected token (24:0)
Error: No tests found
    Error: [31mTimed out 10000ms waiting for [39m[2mexpect([22m[31mlocator[39m[2m).[22mtoBeVisible[2m()[22m
    test-results/navtabs-bar-is-centered-content-width-chromium/test-failed-1.png
    Error Context: test-results/navtabs-bar-is-centered-content-width-chromium/error-context.md
    [31mTest timeout of 45000ms exceeded.[39m
    Error: locator.focus: Test timeout of 45000ms exceeded.
    test-results/navtabs-keyboard-navigation-moves-active-chromium/test-failed-1.png
    Error Context: test-results/navtabs-keyboard-navigation-moves-active-chromium/error-context.md
    Error: [31mTimed out 10000ms waiting for [39m[2mexpect([22m[31mlocator[39m[2m).[22mtoBeVisible[2m()[22m
    test-results/navtabs-bar-is-centered-content-width-webkit/test-failed-1.png
    Error Context: test-results/navtabs-bar-is-centered-content-width-webkit/error-context.md
    [31mTest timeout of 45000ms exceeded.[39m
    Error: locator.focus: Test timeout of 45000ms exceeded.
    test-results/navtabs-keyboard-navigation-moves-active-webkit/test-failed-1.png
    Error Context: test-results/navtabs-keyboard-navigation-moves-active-webkit/error-context.md
  4 failed
Error: Timed out waiting 60000ms from config.webServer.
  âœ˜  5 [chromium] â€º tests/e2e/a11y.page.spec.ts:3:1 â€º page has no axe violations (smoke) (45.1s)
  âœ˜  8 [chromium] â€º tests/e2e/navtabs.visual.spec.ts:4:3 â€º NavTabs visual and console hygiene â€º no console errors/warnings and visual snapshot DPR 1/2 (45.2s)
  âœ˜  6 [webkit] â€º tests/e2e/a11y.page.spec.ts:3:1 â€º page has no axe violations (smoke) (45.1s)
  âœ˜  8 [chromium] â€º tests/e2e/navtabs.visual.spec.ts:4:3 â€º NavTabs visual and console hygiene â€º no console errors/warnings and visual snapshot DPR 1/2 (1.4s)
  âœ˜  2 [chromium] â€º tests/e2e/a11y.page.spec.ts:3:1 â€º page has no axe violations (smoke) (2.8s)
  âœ˜  9 [webkit] â€º tests/e2e/a11y.page.spec.ts:3:1 â€º page has no axe violations (smoke) (2.6s)
  âœ˜  16 [webkit] â€º tests/e2e/navtabs.visual.spec.ts:4:3 â€º NavTabs visual and console hygiene â€º no console errors/warnings and visual snapshot DPR 1/2 (2.2s)
  âœ˜  17 [iphone-14-pro] â€º tests/e2e/a11y.page.spec.ts:3:1 â€º page has no axe violations (smoke) (1.7s)
  âœ˜  24 [iphone-14-pro] â€º tests/e2e/navtabs.visual.spec.ts:4:3 â€º NavTabs visual and console hygiene â€º no console errors/warnings and visual snapshot DPR 1/2 (1.8s)
  âœ˜  25 [pixel-7] â€º tests/e2e/a11y.page.spec.ts:3:1 â€º page has no axe violations (smoke) (1.3s)
  âœ˜  32 [pixel-7] â€º tests/e2e/navtabs.visual.spec.ts:4:3 â€º NavTabs visual and console hygiene â€º no console errors/warnings and visual snapshot DPR 1/2 (1.4s)
  1) [chromium] â€º tests/e2e/a11y.page.spec.ts:3:1 â€º page has no axe violations (smoke) â”€â”€â”€â”€â”€â”€â”€â”€â”€â”€â”€â”€â”€
    Error: [2mexpect([22m[31mreceived[39m[2m).[22mtoEqual[2m([22m[32mexpected[39m[2m) // deep equality[22m
    [31m+         "failureSummary": "Fix all of the following:[39m
    > 16 |   expect(results.violations).toEqual([])
    test-results/a11y.page-page-has-no-axe-violations-smoke--chromium/test-failed-1.png
    test-results/a11y.page-page-has-no-axe-violations-smoke--chromium/video.webm
    Error Context: test-results/a11y.page-page-has-no-axe-violations-smoke--chromium/error-context.md
    [31mTest timeout of 45000ms exceeded.[39m
    Error: page.waitForSelector: Test timeout of 45000ms exceeded.
    test-results/navtabs-keyboard-navigation-moves-active-chromium/test-failed-1.png
    Error Context: test-results/navtabs-keyboard-navigation-moves-active-chromium/error-context.md
  3) [chromium] â€º tests/e2e/navtabs.visual.spec.ts:4:3 â€º NavTabs visual and console hygiene â€º no console errors/warnings and visual snapshot DPR 1/2 
    Error: A snapshot doesn't exist at /Users/abhijita/Documents/Project_Netra/tests/e2e/navtabs.visual.spec.ts-snapshots/navtabs-dpr1-chromium-darwin.png, writing actual.
    Error: A snapshot doesn't exist at /Users/abhijita/Documents/Project_Netra/tests/e2e/navtabs.visual.spec.ts-snapshots/navtabs-dpr2-chromium-darwin.png, writing actual.
    test-results/navtabs.visual-NavTabs-vis-72905-and-visual-snapshot-DPR-1-2-chromium/test-failed-1.png
    Error Context: test-results/navtabs.visual-NavTabs-vis-72905-and-visual-snapshot-DPR-1-2-chromium/error-context.md
  4) [webkit] â€º tests/e2e/a11y.page.spec.ts:3:1 â€º page has no axe violations (smoke) â”€â”€â”€â”€â”€â”€â”€â”€â”€â”€â”€â”€â”€â”€â”€
    Error: [2mexpect([22m[31mreceived[39m[2m).[22mtoEqual[2m([22m[32mexpected[39m[2m) // deep equality[22m
    [31m+         "failureSummary": "Fix all of the following:[39m
    > 16 |   expect(results.violations).toEqual([])
    test-results/a11y.page-page-has-no-axe-violations-smoke--webkit/test-failed-1.png
    test-results/a11y.page-page-has-no-axe-violations-smoke--webkit/video.webm
    Error Context: test-results/a11y.page-page-has-no-axe-violations-smoke--webkit/error-context.md
    [31mTest timeout of 45000ms exceeded.[39m
    Error: page.waitForSelector: Test timeout of 45000ms exceeded.
    test-results/navtabs-keyboard-navigation-moves-active-webkit/test-failed-1.png
    Error Context: test-results/navtabs-keyboard-navigation-moves-active-webkit/error-context.md
  6) [webkit] â€º tests/e2e/navtabs.visual.spec.ts:4:3 â€º NavTabs visual and console hygiene â€º no console errors/warnings and visual snapshot DPR 1/2 
    Error: A snapshot doesn't exist at /Users/abhijita/Documents/Project_Netra/tests/e2e/navtabs.visual.spec.ts-snapshots/navtabs-dpr1-webkit-darwin.png, writing actual.
    Error: A snapshot doesn't exist at /Users/abhijita/Documents/Project_Netra/tests/e2e/navtabs.visual.spec.ts-snapshots/navtabs-dpr2-webkit-darwin.png, writing actual.
    test-results/navtabs.visual-NavTabs-vis-72905-and-visual-snapshot-DPR-1-2-webkit/test-failed-1.png
    Error Context: test-results/navtabs.visual-NavTabs-vis-72905-and-visual-snapshot-DPR-1-2-webkit/error-context.md
  7) [iphone-14-pro] â€º tests/e2e/a11y.page.spec.ts:3:1 â€º page has no axe violations (smoke) â”€â”€â”€â”€â”€â”€â”€â”€
    Error: [2mexpect([22m[31mreceived[39m[2m).[22mtoEqual[2m([22m[32mexpected[39m[2m) // deep equality[22m
    [31m+         "failureSummary": "Fix all of the following:[39m
    > 16 |   expect(results.violations).toEqual([])
    test-results/a11y.page-page-has-no-axe-violations-smoke--iphone-14-pro/test-failed-1.png
    test-results/a11y.page-page-has-no-axe-violations-smoke--iphone-14-pro/video.webm
    Error Context: test-results/a11y.page-page-has-no-axe-violations-smoke--iphone-14-pro/error-context.md
    [31mTest timeout of 45000ms exceeded.[39m
    Error: page.waitForSelector: Test timeout of 45000ms exceeded.
    test-results/navtabs-keyboard-navigation-moves-active-iphone-14-pro/test-failed-1.png
    Error Context: test-results/navtabs-keyboard-navigation-moves-active-iphone-14-pro/error-context.md
  9) [iphone-14-pro] â€º tests/e2e/navtabs.visual.spec.ts:4:3 â€º NavTabs visual and console hygiene â€º no console errors/warnings and visual snapshot DPR 1/2 
    Error: A snapshot doesn't exist at /Users/abhijita/Documents/Project_Netra/tests/e2e/navtabs.visual.spec.ts-snapshots/navtabs-dpr1-iphone-14-pro-darwin.png, writing actual.
    Error: A snapshot doesn't exist at /Users/abhijita/Documents/Project_Netra/tests/e2e/navtabs.visual.spec.ts-snapshots/navtabs-dpr2-iphone-14-pro-darwin.png, writing actual.
    test-results/navtabs.visual-NavTabs-vis-72905-and-visual-snapshot-DPR-1-2-iphone-14-pro/test-failed-1.png
    Error Context: test-results/navtabs.visual-NavTabs-vis-72905-and-visual-snapshot-DPR-1-2-iphone-14-pro/error-context.md
  10) [pixel-7] â€º tests/e2e/a11y.page.spec.ts:3:1 â€º page has no axe violations (smoke) â”€â”€â”€â”€â”€â”€â”€â”€â”€â”€â”€â”€â”€
    Error: [2mexpect([22m[31mreceived[39m[2m).[22mtoEqual[2m([22m[32mexpected[39m[2m) // deep equality[22m
    [31m+         "failureSummary": "Fix all of the following:[39m
    > 16 |   expect(results.violations).toEqual([])
    test-results/a11y.page-page-has-no-axe-violations-smoke--pixel-7/test-failed-1.png
    test-results/a11y.page-page-has-no-axe-violations-smoke--pixel-7/video.webm
    Error Context: test-results/a11y.page-page-has-no-axe-violations-smoke--pixel-7/error-context.md
    [31mTest timeout of 45000ms exceeded.[39m
    Error: locator.click: Test timeout of 45000ms exceeded.
    test-results/navtabs.matrix-NavTabs-mat-24a2c-nd-y-lift-indicator-instant-pixel-7/test-failed-1.png
    Error Context: test-results/navtabs.matrix-NavTabs-mat-24a2c-nd-y-lift-indicator-instant-pixel-7/error-context.md
    [31mTest timeout of 45000ms exceeded.[39m
    Error: page.waitForSelector: Test timeout of 45000ms exceeded.
    test-results/navtabs-keyboard-navigation-moves-active-pixel-7/test-failed-1.png
    Error Context: test-results/navtabs-keyboard-navigation-moves-active-pixel-7/error-context.md
  13) [pixel-7] â€º tests/e2e/navtabs.visual.spec.ts:4:3 â€º NavTabs visual and console hygiene â€º no console errors/warnings and visual snapshot DPR 1/2 
    Error: A snapshot doesn't exist at /Users/abhijita/Documents/Project_Netra/tests/e2e/navtabs.visual.spec.ts-snapshots/navtabs-dpr1-pixel-7-darwin.png, writing actual.
    Error: A snapshot doesn't exist at /Users/abhijita/Documents/Project_Netra/tests/e2e/navtabs.visual.spec.ts-snapshots/navtabs-dpr2-pixel-7-darwin.png, writing actual.
    test-results/navtabs.visual-NavTabs-vis-72905-and-visual-snapshot-DPR-1-2-pixel-7/test-failed-1.png
    Error Context: test-results/navtabs.visual-NavTabs-vis-72905-and-visual-snapshot-DPR-1-2-pixel-7/error-context.md
  13 failed
    [chromium] â€º tests/e2e/a11y.page.spec.ts:3:1 â€º page has no axe violations (smoke) â”€â”€â”€â”€â”€â”€â”€â”€â”€â”€â”€â”€â”€â”€
    [chromium] â€º tests/e2e/navtabs.visual.spec.ts:4:3 â€º NavTabs visual and console hygiene â€º no console errors/warnings and visual snapshot DPR 1/2 
    [webkit] â€º tests/e2e/a11y.page.spec.ts:3:1 â€º page has no axe violations (smoke) â”€â”€â”€â”€â”€â”€â”€â”€â”€â”€â”€â”€â”€â”€â”€â”€
    [webkit] â€º tests/e2e/navtabs.visual.spec.ts:4:3 â€º NavTabs visual and console hygiene â€º no console errors/warnings and visual snapshot DPR 1/2 
    [iphone-14-pro] â€º tests/e2e/a11y.page.spec.ts:3:1 â€º page has no axe violations (smoke) â”€â”€â”€â”€â”€â”€â”€â”€â”€
    [iphone-14-pro] â€º tests/e2e/navtabs.visual.spec.ts:4:3 â€º NavTabs visual and console hygiene â€º no console errors/warnings and visual snapshot DPR 1/2 
    [pixel-7] â€º tests/e2e/a11y.page.spec.ts:3:1 â€º page has no axe violations (smoke) â”€â”€â”€â”€â”€â”€â”€â”€â”€â”€â”€â”€â”€â”€â”€
    [pixel-7] â€º tests/e2e/navtabs.visual.spec.ts:4:3 â€º NavTabs visual and console hygiene â€º no console errors/warnings and visual snapshot DPR 1/2 
  ErrorBlock.tsx   |       0 |      100 |     100 |       0 | 3-10              
  âœ“  8 [chromium] â€º tests/e2e/navtabs.visual.spec.ts:4:3 â€º NavTabs visual and console hygiene â€º no console errors/warnings and visual snapshot DPR 1/2 (1.5s)
  âœ˜  2 [chromium] â€º tests/e2e/a11y.page.spec.ts:3:1 â€º page has no axe violations (smoke) (2.6s)
  âœ˜  9 [webkit] â€º tests/e2e/a11y.page.spec.ts:3:1 â€º page has no axe violations (smoke) (1.7s)
  âœ“  15 [webkit] â€º tests/e2e/navtabs.visual.spec.ts:4:3 â€º NavTabs visual and console hygiene â€º no console errors/warnings and visual snapshot DPR 1/2 (1.6s)
  âœ˜  17 [iphone-14-pro] â€º tests/e2e/a11y.page.spec.ts:3:1 â€º page has no axe violations (smoke) (1.3s)
  âœ“  24 [iphone-14-pro] â€º tests/e2e/navtabs.visual.spec.ts:4:3 â€º NavTabs visual and console hygiene â€º no console errors/warnings and visual snapshot DPR 1/2 (1.6s)
  âœ˜  25 [pixel-7] â€º tests/e2e/a11y.page.spec.ts:3:1 â€º page has no axe violations (smoke) (823ms)
  âœ“  32 [pixel-7] â€º tests/e2e/navtabs.visual.spec.ts:4:3 â€º NavTabs visual and console hygiene â€º no console errors/warnings and visual snapshot DPR 1/2 (1.3s)
  1) [chromium] â€º tests/e2e/a11y.page.spec.ts:3:1 â€º page has no axe violations (smoke) â”€â”€â”€â”€â”€â”€â”€â”€â”€â”€â”€â”€â”€
    Error: [2mexpect([22m[31mreceived[39m[2m).[22mtoEqual[2m([22m[32mexpected[39m[2m) // deep equality[22m
    [31m+         "failureSummary": "Fix all of the following:[39m
    > 16 |   expect(results.violations).toEqual([])
    test-results/a11y.page-page-has-no-axe-violations-smoke--chromium/test-failed-1.png
    test-results/a11y.page-page-has-no-axe-violations-smoke--chromium/video.webm
    Error Context: test-results/a11y.page-page-has-no-axe-violations-smoke--chromium/error-context.md
    [31mTest timeout of 45000ms exceeded.[39m
    Error: page.waitForSelector: Test timeout of 45000ms exceeded.
    test-results/navtabs-keyboard-navigation-moves-active-chromium/test-failed-1.png
    Error Context: test-results/navtabs-keyboard-navigation-moves-active-chromium/error-context.md
  3) [webkit] â€º tests/e2e/a11y.page.spec.ts:3:1 â€º page has no axe violations (smoke) â”€â”€â”€â”€â”€â”€â”€â”€â”€â”€â”€â”€â”€â”€â”€
    Error: [2mexpect([22m[31mreceived[39m[2m).[22mtoEqual[2m([22m[32mexpected[39m[2m) // deep equality[22m
    [31m+         "failureSummary": "Fix all of the following:[39m
    > 16 |   expect(results.violations).toEqual([])
    test-results/a11y.page-page-has-no-axe-violations-smoke--webkit/test-failed-1.png
    test-results/a11y.page-page-has-no-axe-violations-smoke--webkit/video.webm
    Error Context: test-results/a11y.page-page-has-no-axe-violations-smoke--webkit/error-context.md
    [31mTest timeout of 45000ms exceeded.[39m
    Error: page.waitForSelector: Test timeout of 45000ms exceeded.
    test-results/navtabs-keyboard-navigation-moves-active-webkit/test-failed-1.png
    Error Context: test-results/navtabs-keyboard-navigation-moves-active-webkit/error-context.md
  5) [iphone-14-pro] â€º tests/e2e/a11y.page.spec.ts:3:1 â€º page has no axe violations (smoke) â”€â”€â”€â”€â”€â”€â”€â”€
    Error: [2mexpect([22m[31mreceived[39m[2m).[22mtoEqual[2m([22m[32mexpected[39m[2m) // deep equality[22m
    [31m+         "failureSummary": "Fix all of the following:[39m
    > 16 |   expect(results.violations).toEqual([])
    test-results/a11y.page-page-has-no-axe-violations-smoke--iphone-14-pro/test-failed-1.png
    test-results/a11y.page-page-has-no-axe-violations-smoke--iphone-14-pro/video.webm
    Error Context: test-results/a11y.page-page-has-no-axe-violations-smoke--iphone-14-pro/error-context.md
    [31mTest timeout of 45000ms exceeded.[39m
    Error: page.waitForSelector: Test timeout of 45000ms exceeded.
    test-results/navtabs-keyboard-navigation-moves-active-iphone-14-pro/test-failed-1.png
    Error Context: test-results/navtabs-keyboard-navigation-moves-active-iphone-14-pro/error-context.md
  7) [pixel-7] â€º tests/e2e/a11y.page.spec.ts:3:1 â€º page has no axe violations (smoke) â”€â”€â”€â”€â”€â”€â”€â”€â”€â”€â”€â”€â”€â”€
    Error: [2mexpect([22m[31mreceived[39m[2m).[22mtoEqual[2m([22m[32mexpected[39m[2m) // deep equality[22m
    [31m+         "failureSummary": "Fix all of the following:[39m
    > 16 |   expect(results.violations).toEqual([])
    test-results/a11y.page-page-has-no-axe-violations-smoke--pixel-7/test-failed-1.png
    test-results/a11y.page-page-has-no-axe-violations-smoke--pixel-7/video.webm
    Error Context: test-results/a11y.page-page-has-no-axe-violations-smoke--pixel-7/error-context.md
    [31mTest timeout of 45000ms exceeded.[39m
    Error: locator.click: Test timeout of 45000ms exceeded.
    test-results/navtabs.matrix-NavTabs-mat-24a2c-nd-y-lift-indicator-instant-pixel-7/test-failed-1.png
    Error Context: test-results/navtabs.matrix-NavTabs-mat-24a2c-nd-y-lift-indicator-instant-pixel-7/error-context.md
    [31mTest timeout of 45000ms exceeded.[39m
    Error: page.waitForSelector: Test timeout of 45000ms exceeded.
    test-results/navtabs-keyboard-navigation-moves-active-pixel-7/test-failed-1.png
    Error Context: test-results/navtabs-keyboard-navigation-moves-active-pixel-7/error-context.md
  9 failed
    [chromium] â€º tests/e2e/a11y.page.spec.ts:3:1 â€º page has no axe violations (smoke) â”€â”€â”€â”€â”€â”€â”€â”€â”€â”€â”€â”€â”€â”€
    [webkit] â€º tests/e2e/a11y.page.spec.ts:3:1 â€º page has no axe violations (smoke) â”€â”€â”€â”€â”€â”€â”€â”€â”€â”€â”€â”€â”€â”€â”€â”€
    [iphone-14-pro] â€º tests/e2e/a11y.page.spec.ts:3:1 â€º page has no axe violations (smoke) â”€â”€â”€â”€â”€â”€â”€â”€â”€
    [pixel-7] â€º tests/e2e/a11y.page.spec.ts:3:1 â€º page has no axe violations (smoke) â”€â”€â”€â”€â”€â”€â”€â”€â”€â”€â”€â”€â”€â”€â”€
  Package size limit has exceeded by 116.71 kB
--- FAILURES SUMMARY ---
  âœ˜  8 [chromium] â€º tests/e2e/navtabs.visual.spec.ts:4:3 â€º NavTabs visual and console hygiene â€º no console errors/warnings and visual snapshot DPR 1/2 (560ms)
  âœ˜  1 [chromium] â€º tests/e2e/a11y.page.spec.ts:3:1 â€º page has no axe violations (smoke) (2.9s)
  âœ˜  9 [webkit] â€º tests/e2e/a11y.page.spec.ts:3:1 â€º page has no axe violations (smoke) (2.2s)
  âœ˜  16 [webkit] â€º tests/e2e/navtabs.visual.spec.ts:4:3 â€º NavTabs visual and console hygiene â€º no console errors/warnings and visual snapshot DPR 1/2 (864ms)
  âœ˜  17 [iphone-14-pro] â€º tests/e2e/a11y.page.spec.ts:3:1 â€º page has no axe violations (smoke) (2.1s)
  âœ˜  24 [iphone-14-pro] â€º tests/e2e/navtabs.visual.spec.ts:4:3 â€º NavTabs visual and console hygiene â€º no console errors/warnings and visual snapshot DPR 1/2 (595ms)
  âœ˜  25 [pixel-7] â€º tests/e2e/a11y.page.spec.ts:3:1 â€º page has no axe violations (smoke) (967ms)
  âœ˜  32 [pixel-7] â€º tests/e2e/navtabs.visual.spec.ts:4:3 â€º NavTabs visual and console hygiene â€º no console errors/warnings and visual snapshot DPR 1/2 (764ms)
  1) [chromium] â€º tests/e2e/a11y.page.spec.ts:3:1 â€º page has no axe violations (smoke) â”€â”€â”€â”€â”€â”€â”€â”€â”€â”€â”€â”€â”€
    Error: [2mexpect([22m[31mreceived[39m[2m).[22mtoEqual[2m([22m[32mexpected[39m[2m) // deep equality[22m
    [31m+         "failureSummary": "Fix all of the following:[39m
    > 16 |   expect(results.violations).toEqual([])
    test-results/a11y.page-page-has-no-axe-violations-smoke--chromium/test-failed-1.png
    test-results/a11y.page-page-has-no-axe-violations-smoke--chromium/video.webm
    Error Context: test-results/a11y.page-page-has-no-axe-violations-smoke--chromium/error-context.md
    [31mTest timeout of 45000ms exceeded.[39m
    Error: page.waitForSelector: Test timeout of 45000ms exceeded.
    test-results/navtabs-keyboard-navigation-moves-active-chromium/test-failed-1.png
    Error Context: test-results/navtabs-keyboard-navigation-moves-active-chromium/error-context.md
  3) [chromium] â€º tests/e2e/navtabs.visual.spec.ts:4:3 â€º NavTabs visual and console hygiene â€º no console errors/warnings and visual snapshot DPR 1/2 
    Error: Console should be clean on chromium
    [31m+   "error: Failed to load resource: the server responded with a status of 500 (Internal Server Error)",[39m
    [31m+   "error: Failed to load resource: the server responded with a status of 500 (Internal Server Error)",[39m
    test-results/navtabs.visual-NavTabs-vis-72905-and-visual-snapshot-DPR-1-2-chromium/test-failed-1.png
    Error Context: test-results/navtabs.visual-NavTabs-vis-72905-and-visual-snapshot-DPR-1-2-chromium/error-context.md
  4) [webkit] â€º tests/e2e/a11y.page.spec.ts:3:1 â€º page has no axe violations (smoke) â”€â”€â”€â”€â”€â”€â”€â”€â”€â”€â”€â”€â”€â”€â”€
    Error: [2mexpect([22m[31mreceived[39m[2m).[22mtoEqual[2m([22m[32mexpected[39m[2m) // deep equality[22m
    [31m+         "failureSummary": "Fix all of the following:[39m
    > 16 |   expect(results.violations).toEqual([])
    test-results/a11y.page-page-has-no-axe-violations-smoke--webkit/test-failed-1.png
    test-results/a11y.page-page-has-no-axe-violations-smoke--webkit/video.webm
    Error Context: test-results/a11y.page-page-has-no-axe-violations-smoke--webkit/error-context.md
    [31mTest timeout of 45000ms exceeded.[39m
    Error: page.waitForSelector: Test timeout of 45000ms exceeded.
    test-results/navtabs-keyboard-navigation-moves-active-webkit/test-failed-1.png
    Error Context: test-results/navtabs-keyboard-navigation-moves-active-webkit/error-context.md
  6) [webkit] â€º tests/e2e/navtabs.visual.spec.ts:4:3 â€º NavTabs visual and console hygiene â€º no console errors/warnings and visual snapshot DPR 1/2 
    Error: Console should be clean on webkit
    [31m+   "error: Failed to load resource: the server responded with a status of 500 (Internal Server Error)",[39m
    [31m+   "error: Failed to load resource: the server responded with a status of 500 (Internal Server Error)",[39m
    test-results/navtabs.visual-NavTabs-vis-72905-and-visual-snapshot-DPR-1-2-webkit/test-failed-1.png
    Error Context: test-results/navtabs.visual-NavTabs-vis-72905-and-visual-snapshot-DPR-1-2-webkit/error-context.md
  7) [iphone-14-pro] â€º tests/e2e/a11y.page.spec.ts:3:1 â€º page has no axe violations (smoke) â”€â”€â”€â”€â”€â”€â”€â”€
    Error: [2mexpect([22m[31mreceived[39m[2m).[22mtoEqual[2m([22m[32mexpected[39m[2m) // deep equality[22m
    [31m+         "failureSummary": "Fix all of the following:[39m
    > 16 |   expect(results.violations).toEqual([])
    test-results/a11y.page-page-has-no-axe-violations-smoke--iphone-14-pro/test-failed-1.png
    test-results/a11y.page-page-has-no-axe-violations-smoke--iphone-14-pro/video.webm
    Error Context: test-results/a11y.page-page-has-no-axe-violations-smoke--iphone-14-pro/error-context.md
    [31mTest timeout of 45000ms exceeded.[39m
    Error: page.waitForSelector: Test timeout of 45000ms exceeded.
    test-results/navtabs-keyboard-navigation-moves-active-iphone-14-pro/test-failed-1.png
    Error Context: test-results/navtabs-keyboard-navigation-moves-active-iphone-14-pro/error-context.md
  9) [iphone-14-pro] â€º tests/e2e/navtabs.visual.spec.ts:4:3 â€º NavTabs visual and console hygiene â€º no console errors/warnings and visual snapshot DPR 1/2 
    Error: Console should be clean on webkit
    [31m+   "error: Failed to load resource: the server responded with a status of 500 (Internal Server Error)",[39m
    [31m+   "error: Failed to load resource: the server responded with a status of 500 (Internal Server Error)",[39m
    test-results/navtabs.visual-NavTabs-vis-72905-and-visual-snapshot-DPR-1-2-iphone-14-pro/test-failed-1.png
    Error Context: test-results/navtabs.visual-NavTabs-vis-72905-and-visual-snapshot-DPR-1-2-iphone-14-pro/error-context.md
  10) [pixel-7] â€º tests/e2e/a11y.page.spec.ts:3:1 â€º page has no axe violations (smoke) â”€â”€â”€â”€â”€â”€â”€â”€â”€â”€â”€â”€â”€
    Error: [2mexpect([22m[31mreceived[39m[2m).[22mtoEqual[2m([22m[32mexpected[39m[2m) // deep equality[22m
    [31m+         "failureSummary": "Fix all of the following:[39m
    > 16 |   expect(results.violations).toEqual([])
    test-results/a11y.page-page-has-no-axe-violations-smoke--pixel-7/test-failed-1.png
    test-results/a11y.page-page-has-no-axe-violations-smoke--pixel-7/video.webm
    Error Context: test-results/a11y.page-page-has-no-axe-violations-smoke--pixel-7/error-context.md
    [31mTest timeout of 45000ms exceeded.[39m
    Error: locator.click: Test timeout of 45000ms exceeded.
    test-results/navtabs.matrix-NavTabs-mat-24a2c-nd-y-lift-indicator-instant-pixel-7/test-failed-1.png
    Error Context: test-results/navtabs.matrix-NavTabs-mat-24a2c-nd-y-lift-indicator-instant-pixel-7/error-context.md
    [31mTest timeout of 45000ms exceeded.[39m
    Error: page.waitForSelector: Test timeout of 45000ms exceeded.
    test-results/navtabs-keyboard-navigation-moves-active-pixel-7/test-failed-1.png
    Error Context: test-results/navtabs-keyboard-navigation-moves-active-pixel-7/error-context.md
  13) [pixel-7] â€º tests/e2e/navtabs.visual.spec.ts:4:3 â€º NavTabs visual and console hygiene â€º no console errors/warnings and visual snapshot DPR 1/2 
    Error: Console should be clean on chromium
    [31m+   "error: Failed to load resource: the server responded with a status of 500 (Internal Server Error)",[39m
    [31m+   "error: Failed to load resource: the server responded with a status of 500 (Internal Server Error)",[39m
    test-results/navtabs.visual-NavTabs-vis-72905-and-visual-snapshot-DPR-1-2-pixel-7/test-failed-1.png
    Error Context: test-results/navtabs.visual-NavTabs-vis-72905-and-visual-snapshot-DPR-1-2-pixel-7/error-context.md
  13 failed
    [chromium] â€º tests/e2e/a11y.page.spec.ts:3:1 â€º page has no axe violations (smoke) â”€â”€â”€â”€â”€â”€â”€â”€â”€â”€â”€â”€â”€â”€
    [chromium] â€º tests/e2e/navtabs.visual.spec.ts:4:3 â€º NavTabs visual and console hygiene â€º no console errors/warnings and visual snapshot DPR 1/2 
    [webkit] â€º tests/e2e/a11y.page.spec.ts:3:1 â€º page has no axe violations (smoke) â”€â”€â”€â”€â”€â”€â”€â”€â”€â”€â”€â”€â”€â”€â”€â”€
    [webkit] â€º tests/e2e/navtabs.visual.spec.ts:4:3 â€º NavTabs visual and console hygiene â€º no console errors/warnings and visual snapshot DPR 1/2 
    [iphone-14-pro] â€º tests/e2e/a11y.page.spec.ts:3:1 â€º page has no axe violations (smoke) â”€â”€â”€â”€â”€â”€â”€â”€â”€
    [iphone-14-pro] â€º tests/e2e/navtabs.visual.spec.ts:4:3 â€º NavTabs visual and console hygiene â€º no console errors/warnings and visual snapshot DPR 1/2 
    [pixel-7] â€º tests/e2e/a11y.page.spec.ts:3:1 â€º page has no axe violations (smoke) â”€â”€â”€â”€â”€â”€â”€â”€â”€â”€â”€â”€â”€â”€â”€
    [pixel-7] â€º tests/e2e/navtabs.visual.spec.ts:4:3 â€º NavTabs visual and console hygiene â€º no console errors/warnings and visual snapshot DPR 1/2 
  âœ˜  4 [chromium] â€º tests/e2e/a11y.page.spec.ts:3:1 â€º page has no axe violations (smoke) (1.4s)
  âœ˜  8 [webkit] â€º tests/e2e/a11y.page.spec.ts:3:1 â€º page has no axe violations (smoke) (2.0s)
  âœ˜  15 [iphone-14-pro] â€º tests/e2e/a11y.page.spec.ts:3:1 â€º page has no axe violations (smoke) (1.9s)
  âœ˜  22 [pixel-7] â€º tests/e2e/a11y.page.spec.ts:3:1 â€º page has no axe violations (smoke) (1.1s)
  1) [chromium] â€º tests/e2e/a11y.page.spec.ts:3:1 â€º page has no axe violations (smoke) â”€â”€â”€â”€â”€â”€â”€â”€â”€â”€â”€â”€â”€
    Error: [2mexpect([22m[31mreceived[39m[2m).[22mtoEqual[2m([22m[32mexpected[39m[2m) // deep equality[22m
    [31m+         "failureSummary": "Fix any of the following:[39m
    > 28 |   expect(results.violations).toEqual([])
    test-results/a11y.page-page-has-no-axe-violations-smoke--chromium/test-failed-1.png
    test-results/a11y.page-page-has-no-axe-violations-smoke--chromium/video.webm
    Error Context: test-results/a11y.page-page-has-no-axe-violations-smoke--chromium/error-context.md
  2) [webkit] â€º tests/e2e/a11y.page.spec.ts:3:1 â€º page has no axe violations (smoke) â”€â”€â”€â”€â”€â”€â”€â”€â”€â”€â”€â”€â”€â”€â”€
    Error: [2mexpect([22m[31mreceived[39m[2m).[22mtoEqual[2m([22m[32mexpected[39m[2m) // deep equality[22m
    [31m+         "failureSummary": "Fix any of the following:[39m
    > 28 |   expect(results.violations).toEqual([])
    test-results/a11y.page-page-has-no-axe-violations-smoke--webkit/test-failed-1.png
    test-results/a11y.page-page-has-no-axe-violations-smoke--webkit/video.webm
    Error Context: test-results/a11y.page-page-has-no-axe-violations-smoke--webkit/error-context.md
  3) [iphone-14-pro] â€º tests/e2e/a11y.page.spec.ts:3:1 â€º page has no axe violations (smoke) â”€â”€â”€â”€â”€â”€â”€â”€
    Error: [2mexpect([22m[31mreceived[39m[2m).[22mtoEqual[2m([22m[32mexpected[39m[2m) // deep equality[22m
    [31m+         "failureSummary": "Fix any of the following:[39m
    > 28 |   expect(results.violations).toEqual([])
    test-results/a11y.page-page-has-no-axe-violations-smoke--iphone-14-pro/test-failed-1.png
    test-results/a11y.page-page-has-no-axe-violations-smoke--iphone-14-pro/video.webm
    Error Context: test-results/a11y.page-page-has-no-axe-violations-smoke--iphone-14-pro/error-context.md
  4) [pixel-7] â€º tests/e2e/a11y.page.spec.ts:3:1 â€º page has no axe violations (smoke) â”€â”€â”€â”€â”€â”€â”€â”€â”€â”€â”€â”€â”€â”€
    Error: [2mexpect([22m[31mreceived[39m[2m).[22mtoEqual[2m([22m[32mexpected[39m[2m) // deep equality[22m
    [31m+         "failureSummary": "Fix any of the following:[39m
    > 28 |   expect(results.violations).toEqual([])
    test-results/a11y.page-page-has-no-axe-violations-smoke--pixel-7/test-failed-1.png
    test-results/a11y.page-page-has-no-axe-violations-smoke--pixel-7/video.webm
    Error Context: test-results/a11y.page-page-has-no-axe-violations-smoke--pixel-7/error-context.md
    [31mTest timeout of 45000ms exceeded.[39m
    Error: locator.click: Target page, context or browser has been closed
    test-results/navtabs.matrix-NavTabs-mat-24a2c-nd-y-lift-indicator-instant-pixel-7/test-failed-1.png
    Error Context: test-results/navtabs.matrix-NavTabs-mat-24a2c-nd-y-lift-indicator-instant-pixel-7/error-context.md
  5 failed
    [chromium] â€º tests/e2e/a11y.page.spec.ts:3:1 â€º page has no axe violations (smoke) â”€â”€â”€â”€â”€â”€â”€â”€â”€â”€â”€â”€â”€â”€
    [webkit] â€º tests/e2e/a11y.page.spec.ts:3:1 â€º page has no axe violations (smoke) â”€â”€â”€â”€â”€â”€â”€â”€â”€â”€â”€â”€â”€â”€â”€â”€
    [iphone-14-pro] â€º tests/e2e/a11y.page.spec.ts:3:1 â€º page has no axe violations (smoke) â”€â”€â”€â”€â”€â”€â”€â”€â”€
    [pixel-7] â€º tests/e2e/a11y.page.spec.ts:3:1 â€º page has no axe violations (smoke) â”€â”€â”€â”€â”€â”€â”€â”€â”€â”€â”€â”€â”€â”€â”€
  âœ“  3 [pixel-7] â€º tests/e2e/a11y.page.spec.ts:3:1 â€º page has no axe violations (smoke) (1.3s)
  âœ˜  2 [chromium] â€º tests/e2e/a11y.page.spec.ts:3:1 â€º page has no axe violations (smoke) (1.3s)
  âœ“  1 [iphone-14-pro] â€º tests/e2e/a11y.page.spec.ts:3:1 â€º page has no axe violations (smoke) (1.6s)
  âœ“  4 [webkit] â€º tests/e2e/a11y.page.spec.ts:3:1 â€º page has no axe violations (smoke) (1.7s)
  1) [chromium] â€º tests/e2e/a11y.page.spec.ts:3:1 â€º page has no axe violations (smoke) â”€â”€â”€â”€â”€â”€â”€â”€â”€â”€â”€â”€â”€
    Error: [2mexpect([22m[31mreceived[39m[2m).[22mtoEqual[2m([22m[32mexpected[39m[2m) // deep equality[22m
    [31m+         "failureSummary": "Fix any of the following:[39m
    [31m+         "failureSummary": "Fix any of the following:[39m
    [31m+         "failureSummary": "Fix any of the following:[39m
    [31m+         "failureSummary": "Fix any of the following:[39m
    [31m+         "failureSummary": "Fix any of the following:[39m
    [31m+         "failureSummary": "Fix any of the following:[39m
    [31m+         "failureSummary": "Fix any of the following:[39m
    [31m+         "failureSummary": "Fix any of the following:[39m
    > 29 |   expect(results.violations).toEqual([])
    test-results/a11y.page-page-has-no-axe-violations-smoke--chromium/test-failed-1.png
    test-results/a11y.page-page-has-no-axe-violations-smoke--chromium/video.webm
    Error Context: test-results/a11y.page-page-has-no-axe-violations-smoke--chromium/error-context.md
  1 failed
    [chromium] â€º tests/e2e/a11y.page.spec.ts:3:1 â€º page has no axe violations (smoke) â”€â”€â”€â”€â”€â”€â”€â”€â”€â”€â”€â”€â”€â”€
  âœ“  1 [chromium] â€º tests/e2e/a11y.page.spec.ts:3:1 â€º page has no axe violations (smoke) (783ms)
  âœ“  2 [chromium] â€º tests/e2e/a11y.page.spec.ts:3:1 â€º page has no axe violations (smoke) (1.1s)
  âœ˜  8 [chromium] â€º tests/e2e/navtabs.visual.spec.ts:4:3 â€º NavTabs visual and console hygiene â€º no console errors/warnings and visual snapshot DPR 1/2 (591ms)
  âœ“  9 [webkit] â€º tests/e2e/a11y.page.spec.ts:3:1 â€º page has no axe violations (smoke) (2.4s)
  âœ˜  16 [webkit] â€º tests/e2e/navtabs.visual.spec.ts:4:3 â€º NavTabs visual and console hygiene â€º no console errors/warnings and visual snapshot DPR 1/2 (678ms)
  âœ“  17 [iphone-14-pro] â€º tests/e2e/a11y.page.spec.ts:3:1 â€º page has no axe violations (smoke) (1.9s)
  âœ˜  24 [iphone-14-pro] â€º tests/e2e/navtabs.visual.spec.ts:4:3 â€º NavTabs visual and console hygiene â€º no console errors/warnings and visual snapshot DPR 1/2 (628ms)
  âœ“  25 [pixel-7] â€º tests/e2e/a11y.page.spec.ts:3:1 â€º page has no axe violations (smoke) (1.0s)
  âœ˜  32 [pixel-7] â€º tests/e2e/navtabs.visual.spec.ts:4:3 â€º NavTabs visual and console hygiene â€º no console errors/warnings and visual snapshot DPR 1/2 (584ms)
  1) [chromium] â€º tests/e2e/navtabs.visual.spec.ts:4:3 â€º NavTabs visual and console hygiene â€º no console errors/warnings and visual snapshot DPR 1/2 
    Error: Console should be clean on chromium
    [31m+   "error: Failed to load resource: the server responded with a status of 500 (Internal Server Error)",[39m
    [31m+   "error: Failed to load resource: the server responded with a status of 500 (Internal Server Error)",[39m
    test-results/navtabs.visual-NavTabs-vis-72905-and-visual-snapshot-DPR-1-2-chromium/test-failed-1.png
    Error Context: test-results/navtabs.visual-NavTabs-vis-72905-and-visual-snapshot-DPR-1-2-chromium/error-context.md
  2) [webkit] â€º tests/e2e/navtabs.visual.spec.ts:4:3 â€º NavTabs visual and console hygiene â€º no console errors/warnings and visual snapshot DPR 1/2 
    Error: Console should be clean on webkit
    [31m+   "error: Failed to load resource: the server responded with a status of 500 (Internal Server Error)",[39m
    [31m+   "error: Failed to load resource: the server responded with a status of 500 (Internal Server Error)",[39m
    test-results/navtabs.visual-NavTabs-vis-72905-and-visual-snapshot-DPR-1-2-webkit/test-failed-1.png
    Error Context: test-results/navtabs.visual-NavTabs-vis-72905-and-visual-snapshot-DPR-1-2-webkit/error-context.md
  3) [iphone-14-pro] â€º tests/e2e/navtabs.visual.spec.ts:4:3 â€º NavTabs visual and console hygiene â€º no console errors/warnings and visual snapshot DPR 1/2 
    Error: Console should be clean on webkit
    [31m+   "error: Failed to load resource: the server responded with a status of 500 (Internal Server Error)",[39m
    [31m+   "error: Failed to load resource: the server responded with a status of 500 (Internal Server Error)",[39m
    test-results/navtabs.visual-NavTabs-vis-72905-and-visual-snapshot-DPR-1-2-iphone-14-pro/test-failed-1.png
    Error Context: test-results/navtabs.visual-NavTabs-vis-72905-and-visual-snapshot-DPR-1-2-iphone-14-pro/error-context.md
    [31mTest timeout of 45000ms exceeded.[39m
    Error: locator.click: Target page, context or browser has been closed
    test-results/navtabs.matrix-NavTabs-mat-24a2c-nd-y-lift-indicator-instant-pixel-7/test-failed-1.png
    Error Context: test-results/navtabs.matrix-NavTabs-mat-24a2c-nd-y-lift-indicator-instant-pixel-7/error-context.md
  5) [pixel-7] â€º tests/e2e/navtabs.visual.spec.ts:4:3 â€º NavTabs visual and console hygiene â€º no console errors/warnings and visual snapshot DPR 1/2 
    Error: Console should be clean on chromium
    [31m+   "error: Failed to load resource: the server responded with a status of 500 (Internal Server Error)",[39m
    [31m+   "error: Failed to load resource: the server responded with a status of 500 (Internal Server Error)",[39m
    test-results/navtabs.visual-NavTabs-vis-72905-and-visual-snapshot-DPR-1-2-pixel-7/test-failed-1.png
    Error Context: test-results/navtabs.visual-NavTabs-vis-72905-and-visual-snapshot-DPR-1-2-pixel-7/error-context.md
  5 failed
    [chromium] â€º tests/e2e/navtabs.visual.spec.ts:4:3 â€º NavTabs visual and console hygiene â€º no console errors/warnings and visual snapshot DPR 1/2 
    [webkit] â€º tests/e2e/navtabs.visual.spec.ts:4:3 â€º NavTabs visual and console hygiene â€º no console errors/warnings and visual snapshot DPR 1/2 
    [iphone-14-pro] â€º tests/e2e/navtabs.visual.spec.ts:4:3 â€º NavTabs visual and console hygiene â€º no console errors/warnings and visual snapshot DPR 1/2 
    [pixel-7] â€º tests/e2e/navtabs.visual.spec.ts:4:3 â€º NavTabs visual and console hygiene â€º no console errors/warnings and visual snapshot DPR 1/2 
  Package size limit has exceeded by 149.16 kB
--- FAILURES -> FrontendUITesting/failures.txt ---
