TN:
SF:src/App.tsx
FN:1,(empty-report)
FNF:1
FNH:0
FNDA:0,(empty-report)
DA:1,0
DA:2,0
DA:3,0
DA:4,0
DA:6,0
DA:7,0
DA:8,0
DA:9,0
DA:10,0
DA:11,0
DA:12,0
DA:13,0
DA:14,0
DA:15,0
DA:16,0
DA:17,0
DA:18,0
DA:20,0
DA:22,0
LF:19
LH:0
BRDA:1,0,0,0
BRF:1
BRH:0
end_of_record
TN:
SF:src/app/router.tsx
FN:1,(empty-report)
FNF:1
FNH:1
FNDA:1,(empty-report)
DA:2,0
DA:3,0
DA:5,0
DA:6,0
DA:7,0
DA:8,0
DA:9,0
DA:10,0
DA:11,0
DA:12,0
DA:14,0
DA:16,0
LF:12
LH:0
BRDA:1,0,0,1
BRF:1
BRH:1
end_of_record
TN:
SF:src/components/AmoghHeader.tsx
FN:9,AmoghHeader
FN:36,onClick
FN:43,onClick
FN:66,onError
FN:118,onChange
FN:132,GridPattern
FNF:6
FNH:1
FNDA:4,AmoghHeader
FNDA:0,onClick
FNDA:0,onClick
FNDA:0,onError
FNDA:0,onChange
FNDA:0,GridPattern
DA:3,1
DA:4,1
DA:5,1
DA:6,1
DA:7,1
DA:9,4
DA:10,4
DA:11,4
DA:12,4
DA:13,4
DA:14,4
DA:16,4
DA:17,4
DA:18,4
DA:19,4
DA:22,4
DA:23,3
DA:24,1
DA:25,3
DA:26,3
DA:27,4
DA:29,4
DA:30,4
DA:32,4
DA:34,4
DA:35,4
DA:36,4
DA:37,4
DA:38,4
DA:40,4
DA:41,4
DA:42,4
DA:43,4
DA:44,4
DA:45,4
DA:47,4
DA:48,4
DA:51,4
DA:52,4
DA:53,4
DA:54,4
DA:55,4
DA:56,4
DA:57,4
DA:59,4
DA:60,4
DA:61,4
DA:62,4
DA:63,4
DA:64,4
DA:65,4
DA:66,4
DA:67,0
DA:68,0
DA:69,0
DA:70,0
DA:71,0
DA:72,0
DA:73,4
DA:74,4
DA:75,4
DA:78,4
DA:79,4
DA:80,4
DA:81,3
DA:82,3
DA:83,3
DA:84,3
DA:85,3
DA:86,3
DA:87,3
DA:88,3
DA:90,3
DA:91,3
DA:93,1
DA:94,1
DA:95,1
DA:96,1
DA:97,1
DA:98,1
DA:99,1
DA:100,1
DA:102,1
DA:103,1
DA:105,4
DA:106,4
DA:109,4
DA:110,4
DA:111,4
DA:112,4
DA:113,4
DA:114,4
DA:115,4
DA:116,4
DA:117,4
DA:118,4
DA:119,0
DA:120,0
DA:121,0
DA:122,0
DA:123,4
DA:124,4
DA:126,4
DA:127,4
DA:129,4
DA:132,0
DA:133,0
DA:134,0
DA:135,0
DA:136,0
DA:137,0
DA:139,0
DA:140,0
DA:141,0
DA:142,0
DA:143,0
DA:144,0
DA:146,0
DA:147,0
DA:148,0
DA:149,0
DA:150,0
DA:151,0
DA:152,0
DA:153,0
DA:154,0
DA:155,0
DA:157,0
LF:128
LH:95
BRDA:9,0,0,4
BRDA:37,1,0,0
BRDA:44,2,0,0
BRDA:80,3,0,3
BRDA:91,4,0,1
BRDA:117,5,0,0
BRDA:14,6,0,3
BRDA:22,7,0,3
BRDA:23,8,0,1
BRDA:24,9,0,1
BRDA:24,10,0,0
BRDA:26,11,0,3
BRF:12
BRH:8
end_of_record
TN:
SF:src/components/DashboardHeader.tsx
FN:1,(empty-report)
FNF:1
FNH:0
FNDA:0,(empty-report)
DA:1,0
DA:4,0
DA:5,0
DA:6,0
DA:7,0
DA:10,0
DA:11,0
DA:12,0
DA:13,0
DA:14,0
DA:15,0
DA:16,0
DA:17,0
DA:18,0
DA:19,0
DA:22,0
DA:23,0
DA:25,0
DA:26,0
DA:27,0
DA:28,0
DA:29,0
DA:30,0
DA:31,0
DA:32,0
DA:34,0
DA:35,0
DA:36,0
DA:37,0
DA:38,0
DA:39,0
DA:41,0
DA:42,0
DA:43,0
DA:44,0
DA:45,0
DA:46,0
DA:47,0
DA:48,0
DA:50,0
DA:51,0
DA:52,0
DA:53,0
DA:54,0
DA:55,0
DA:56,0
DA:58,0
DA:59,0
DA:61,0
DA:62,0
DA:63,0
DA:64,0
DA:65,0
DA:67,0
DA:68,0
DA:69,0
DA:70,0
DA:71,0
DA:73,0
DA:75,0
LF:60
LH:0
BRDA:1,0,0,0
BRF:1
BRH:0
end_of_record
TN:
SF:src/components/NavTabs.tsx
FN:21,NavTabs
FN:31,handle
FN:36,onKeyDown
FN:65,onClick
FN:100,onClick
FNF:5
FNH:4
FNDA:12,NavTabs
FNDA:4,handle
FNDA:3,onKeyDown
FNDA:0,onClick
FNDA:1,onClick
DA:1,1
DA:3,1
DA:4,1
DA:5,1
DA:12,1
DA:14,1
DA:21,1
DA:22,12
DA:23,12
DA:27,12
DA:28,7
DA:29,12
DA:31,12
DA:32,4
DA:33,4
DA:34,4
DA:36,12
DA:37,3
DA:38,3
DA:39,3
DA:40,1
DA:41,1
DA:42,3
DA:43,0
DA:44,0
DA:45,2
DA:46,1
DA:47,1
DA:48,1
DA:49,1
DA:50,1
DA:51,1
DA:52,0
DA:53,0
DA:54,0
DA:55,3
DA:57,12
DA:58,12
DA:60,12
DA:61,12
DA:62,36
DA:63,36
DA:64,36
DA:65,36
DA:66,36
DA:67,36
DA:69,36
DA:70,36
DA:71,36
DA:72,36
DA:74,12
DA:75,12
DA:78,12
DA:79,12
DA:80,12
DA:81,12
DA:82,12
DA:83,12
DA:84,12
DA:85,12
DA:86,12
DA:87,12
DA:88,12
DA:90,12
DA:91,36
DA:92,36
DA:93,36
DA:94,36
DA:95,36
DA:96,36
DA:97,36
DA:98,36
DA:99,36
DA:100,36
DA:101,36
DA:102,36
DA:103,36
DA:104,36
DA:105,36
DA:106,36
DA:107,36
DA:108,36
DA:110,36
DA:111,12
DA:112,12
DA:113,12
DA:114,12
DA:115,12
DA:116,12
DA:117,12
DA:118,12
DA:121,36
DA:122,36
DA:123,36
DA:124,36
DA:125,36
DA:126,36
DA:128,36
DA:129,0
DA:130,0
DA:132,0
DA:133,0
DA:134,0
DA:135,0
DA:136,0
DA:137,0
DA:138,0
DA:139,0
DA:141,36
DA:143,36
DA:145,36
DA:146,36
DA:147,36
DA:148,36
DA:149,36
DA:150,36
DA:151,36
DA:153,36
DA:154,36
DA:155,36
DA:157,12
DA:158,12
DA:159,12
DA:161,12
DA:163,1
LF:125
LH:110
BRDA:21,0,0,12
BRDA:23,1,0,11
BRDA:23,2,0,0
BRDA:27,3,0,7
BRDA:28,4,0,1
BRDA:31,5,0,4
BRDA:33,6,0,1
BRDA:36,7,0,3
BRDA:38,8,0,0
BRDA:39,9,0,1
BRDA:42,10,0,2
BRDA:42,11,0,0
BRDA:45,12,0,1
BRDA:51,13,0,0
BRDA:37,14,0,6
BRDA:61,15,0,36
BRDA:64,16,0,12
BRDA:64,17,0,24
BRDA:67,18,0,12
BRDA:67,19,0,24
BRDA:69,20,0,20
BRDA:69,21,0,16
BRDA:70,22,0,20
BRDA:70,23,0,16
BRDA:90,24,0,36
BRDA:92,25,0,0
BRDA:99,26,0,12
BRDA:99,27,0,24
BRDA:107,28,0,12
BRDA:107,29,0,24
BRDA:110,30,0,12
BRDA:124,31,0,12
BRDA:124,32,0,1
BRDA:124,33,0,35
BRDA:128,34,0,0
BRDA:148,35,0,20
BRDA:148,36,0,16
BRDA:149,37,0,12
BRDA:149,38,0,24
BRDA:151,39,0,32
BRDA:151,40,0,4
BRDA:153,41,0,20
BRDA:153,42,0,16
BRDA:100,43,0,1
BRF:44
BRH:38
end_of_record
TN:
SF:src/features/finance/finance.config.ts
FN:18,getIcon
FNF:1
FNH:1
FNDA:3,getIcon
DA:1,1
DA:11,1
DA:12,1
DA:13,1
DA:14,1
DA:15,1
DA:16,1
DA:18,1
DA:19,3
DA:20,3
DA:21,3
DA:22,3
DA:23,3
DA:24,3
LF:14
LH:14
BRDA:18,0,0,3
BRDA:21,1,0,0
BRDA:22,2,0,0
BRF:3
BRH:1
end_of_record
TN:
SF:src/features/finance/i18n.ts
FN:7,updated
FN:14,updated
FNF:2
FNH:2
FNDA:1,updated
FNDA:1,updated
DA:1,1
DA:2,1
DA:3,1
DA:4,1
DA:5,1
DA:6,1
DA:7,1
DA:8,1
DA:9,1
DA:10,1
DA:11,1
DA:12,1
DA:13,1
DA:14,1
DA:15,1
DA:16,1
LF:16
LH:16
BRDA:7,0,0,1
BRDA:14,1,0,1
BRF:2
BRH:2
end_of_record
TN:
SF:src/features/finance/components/AnimTokens.ts
FNF:0
FNH:0
DA:1,1
DA:2,1
DA:3,1
DA:4,1
DA:5,1
DA:7,1
DA:8,1
DA:9,1
DA:10,1
DA:11,1
DA:12,1
LF:11
LH:11
BRF:0
BRH:0
end_of_record
TN:
SF:src/features/finance/components/BharatLongCard.tsx
FN:14,BharatLongCard
FN:29,onOpenAll
FN:31,onClose
FNF:3
FNH:1
FNDA:3,BharatLongCard
FNDA:0,onOpenAll
FNDA:0,onClose
DA:2,1
DA:3,1
DA:4,1
DA:5,1
DA:6,1
DA:8,1
DA:14,1
DA:15,3
DA:16,3
DA:17,3
DA:18,3
DA:19,3
DA:20,3
DA:21,3
DA:22,3
DA:23,3
DA:25,3
DA:26,3
DA:27,3
DA:28,3
DA:29,3
DA:30,3
DA:31,3
DA:32,3
DA:34,3
LF:25
LH:25
BRDA:14,0,0,3
BRDA:20,1,0,0
BRDA:21,2,0,0
BRF:3
BRH:1
end_of_record
TN:
SF:src/features/finance/components/EmptyFallback.tsx
FN:1,(empty-report)
FNF:1
FNH:1
FNDA:1,(empty-report)
DA:3,0
DA:4,0
LF:2
LH:0
BRDA:1,0,0,1
BRF:1
BRH:1
end_of_record
TN:
SF:src/features/finance/components/ErrorBlock.tsx
FN:1,(empty-report)
FNF:1
FNH:1
FNDA:1,(empty-report)
DA:3,0
DA:4,0
DA:5,0
DA:6,0
DA:7,0
DA:8,0
DA:10,0
LF:7
LH:0
BRDA:1,0,0,1
BRF:1
BRH:1
end_of_record
TN:
SF:src/features/finance/components/NewsCard.tsx
FN:6,NewsCard
FNF:1
FNH:1
FNDA:3,NewsCard
DA:2,1
DA:3,1
DA:5,1
DA:6,1
DA:7,3
DA:8,3
DA:9,3
DA:10,3
DA:11,3
DA:12,3
DA:13,3
DA:14,3
DA:16,3
DA:17,3
DA:18,3
DA:19,3
DA:20,3
DA:21,3
DA:23,3
LF:19
LH:19
BRDA:6,0,0,3
BRDA:11,1,0,0
BRDA:12,2,0,0
BRDA:19,3,0,1
BRDA:19,4,0,2
BRF:5
BRH:3
end_of_record
TN:
SF:src/features/finance/components/NewsList.tsx
FN:8,NewsList
FN:14,itemContent
FNF:2
FNH:2
FNDA:5,NewsList
FNDA:2,itemContent
DA:2,1
DA:3,1
DA:7,1
DA:8,1
DA:9,5
DA:10,5
DA:11,5
DA:12,5
DA:13,5
DA:14,5
DA:15,2
DA:17,5
DA:18,5
DA:20,5
LF:14
LH:14
BRDA:8,0,0,5
BRDA:14,1,0,2
BRF:2
BRH:2
end_of_record
TN:
SF:src/features/finance/components/RiveIcon.tsx
FN:1,(empty-report)
FNF:1
FNH:0
FNDA:0,(empty-report)
DA:1,0
DA:3,0
DA:4,0
DA:5,0
DA:6,0
DA:7,0
DA:8,0
DA:9,0
DA:11,0
LF:9
LH:0
BRDA:1,0,0,0
BRF:1
BRH:0
end_of_record
TN:
SF:src/features/finance/components/Skeletons.tsx
FN:3,BharatSkeleton
FN:7,StateSkeleton
FNF:2
FNH:2
FNDA:1,BharatSkeleton
FNDA:10,StateSkeleton
DA:3,1
DA:4,1
DA:7,1
DA:8,10
LF:4
LH:4
BRDA:3,0,0,1
BRDA:7,1,0,10
BRF:2
BRH:2
end_of_record
TN:
SF:src/features/finance/components/SourceTray.tsx
FN:4,SourceTray
FNF:1
FNH:1
FNDA:7,SourceTray
DA:3,1
DA:4,1
DA:5,7
DA:6,7
DA:7,7
DA:8,7
DA:9,16
DA:10,16
DA:11,16
DA:12,7
DA:13,7
DA:14,7
DA:15,7
DA:16,7
DA:17,7
DA:19,7
LF:16
LH:16
BRDA:4,0,0,7
BRDA:8,1,0,16
BRF:2
BRH:2
end_of_record
TN:
SF:src/features/finance/components/SourcesSidePanel.tsx
FN:11,SourcesSidePanel
FNF:1
FNH:1
FNDA:7,SourcesSidePanel
DA:2,1
DA:3,1
DA:5,1
DA:11,1
DA:12,7
DA:13,7
DA:14,7
DA:15,1
DA:16,1
DA:17,1
DA:18,1
DA:19,1
DA:20,1
DA:21,1
DA:22,1
DA:23,1
DA:24,1
DA:25,1
DA:26,1
DA:27,1
DA:28,1
DA:29,1
DA:30,1
DA:32,1
DA:33,1
DA:34,1
DA:35,2
DA:36,2
DA:37,2
DA:38,2
DA:39,1
DA:40,1
DA:41,1
DA:42,1
DA:43,1
DA:44,1
DA:45,1
DA:47,7
DA:49,7
LF:39
LH:39
BRDA:11,0,0,7
BRDA:14,1,0,1
BRDA:34,2,0,2
BRF:3
BRH:3
end_of_record
TN:
SF:src/features/finance/components/StateCard.tsx
FN:16,StateCard
FN:34,onOpenAll
FN:36,onClose
FNF:3
FNH:1
FNDA:3,StateCard
FNDA:0,onOpenAll
FNDA:0,onClose
DA:2,1
DA:3,1
DA:4,1
DA:5,1
DA:6,1
DA:7,1
DA:9,1
DA:16,1
DA:17,3
DA:18,3
DA:19,3
DA:20,3
DA:21,3
DA:22,3
DA:23,3
DA:24,3
DA:25,3
DA:26,3
DA:27,3
DA:29,3
DA:30,3
DA:31,3
DA:32,3
DA:33,3
DA:34,3
DA:35,3
DA:36,3
DA:37,3
DA:39,3
LF:29
LH:29
BRDA:16,0,0,3
BRDA:24,1,0,0
BRDA:25,2,0,0
BRF:3
BRH:1
end_of_record
TN:
SF:src/features/finance/components/useFinanceData.ts
FN:7,fetcher
FN:15,mk
FN:32,useFinance
FNF:3
FNH:2
FNDA:3,fetcher
FNDA:0,mk
FNDA:8,useFinance
DA:1,1
DA:7,1
DA:8,3
DA:9,3
DA:10,3
DA:11,3
DA:12,3
DA:14,0
DA:15,0
DA:16,0
DA:17,0
DA:18,0
DA:19,0
DA:20,0
DA:21,0
DA:22,0
DA:23,0
DA:24,0
DA:25,0
DA:26,0
DA:27,0
DA:28,0
DA:29,0
DA:30,3
DA:32,1
DA:33,8
DA:34,8
DA:35,8
DA:36,8
DA:37,8
DA:38,8
LF:31
LH:15
BRDA:7,0,0,3
BRDA:10,1,0,0
BRDA:12,2,0,0
BRDA:32,3,0,8
BRDA:34,4,0,3
BRDA:34,5,0,3
BRF:6
BRH:4
end_of_record
TN:
SF:src/features/finance/components/useSidePanel.ts
FN:3,useSidePanel
FN:9,onKey
FNF:2
FNH:1
FNDA:9,useSidePanel
FNDA:0,onKey
DA:1,1
DA:3,1
DA:4,9
DA:5,9
DA:6,9
DA:8,9
DA:9,9
DA:10,0
DA:11,0
DA:12,9
DA:13,1
DA:14,1
DA:15,1
DA:16,1
DA:17,1
DA:18,1
DA:19,1
DA:20,9
DA:21,9
DA:23,9
DA:24,9
DA:25,9
DA:27,9
DA:28,9
LF:24
LH:22
BRDA:3,0,0,9
BRDA:8,1,0,9
BRDA:12,2,0,1
BRDA:15,3,0,1
BRDA:20,4,0,9
BRDA:23,5,0,9
BRDA:24,6,0,8
BRDA:24,7,0,1
BRF:8
BRH:8
end_of_record
TN:
SF:src/finance/finance.tokens.ts
FN:1,(empty-report)
FNF:1
FNH:0
FNDA:0,(empty-report)
DA:1,0
DA:2,0
DA:3,0
DA:4,0
DA:5,0
DA:6,0
DA:8,0
DA:9,0
DA:10,0
DA:11,0
DA:12,0
DA:14,0
DA:16,0
DA:17,0
DA:18,0
DA:19,0
DA:20,0
LF:17
LH:0
BRDA:1,0,0,0
BRF:1
BRH:0
end_of_record
TN:
SF:src/finance/i18n.ts
FN:1,(empty-report)
FNF:1
FNH:0
FNDA:0,(empty-report)
DA:1,0
DA:2,0
DA:3,0
DA:4,0
DA:5,0
DA:6,0
DA:7,0
DA:8,0
DA:9,0
DA:10,0
DA:11,0
DA:12,0
DA:13,0
DA:14,0
DA:15,0
DA:16,0
LF:16
LH:0
BRDA:1,0,0,0
BRF:1
BRH:0
end_of_record
TN:
SF:src/finance/mockData.ts
FN:1,(empty-report)
FNF:1
FNH:0
FNDA:0,(empty-report)
DA:1,0
DA:2,0
DA:3,0
DA:4,0
DA:5,0
DA:6,0
DA:7,0
DA:9,0
DA:10,0
DA:11,0
DA:12,0
DA:13,0
DA:14,0
DA:15,0
DA:17,0
DA:18,0
DA:19,0
DA:20,0
DA:22,0
DA:23,0
DA:24,0
DA:25,0
DA:26,0
DA:27,0
DA:28,0
DA:29,0
DA:30,0
DA:31,0
DA:32,0
DA:34,0
DA:35,0
DA:36,0
DA:37,0
DA:39,0
DA:40,0
DA:41,0
DA:42,0
DA:43,0
DA:44,0
DA:45,0
DA:46,0
DA:47,0
DA:48,0
DA:49,0
LF:44
LH:0
BRDA:1,0,0,0
BRF:1
BRH:0
end_of_record
TN:
SF:src/finance/states.config.ts
FN:1,(empty-report)
FNF:1
FNH:1
FNDA:1,(empty-report)
DA:12,0
DA:13,0
DA:14,0
DA:15,0
DA:16,0
DA:17,0
DA:18,0
DA:19,0
DA:20,0
DA:21,0
DA:22,0
DA:23,0
DA:24,0
DA:25,0
DA:26,0
DA:27,0
DA:28,0
DA:29,0
DA:30,0
DA:31,0
DA:32,0
DA:33,0
DA:34,0
DA:35,0
DA:36,0
DA:37,0
DA:38,0
DA:39,0
DA:40,0
DA:41,0
DA:43,0
DA:44,0
DA:45,0
DA:46,0
DA:47,0
DA:48,0
DA:49,0
DA:50,0
DA:51,0
DA:53,0
DA:54,0
DA:55,0
DA:56,0
DA:57,0
DA:58,0
DA:59,0
DA:60,0
DA:61,0
LF:48
LH:0
BRDA:1,0,0,1
BRF:1
BRH:1
end_of_record
TN:
SF:src/finance/useFinanceData.ts
FN:1,(empty-report)
FNF:1
FNH:0
FNDA:0,(empty-report)
DA:1,0
DA:2,0
DA:4,0
DA:5,0
DA:6,0
DA:7,0
DA:8,0
DA:9,0
DA:10,0
DA:11,0
DA:12,0
DA:13,0
DA:14,0
DA:15,0
DA:16,0
DA:17,0
DA:18,0
DA:20,0
DA:21,0
LF:19
LH:0
BRDA:1,0,0,0
BRF:1
BRH:0
end_of_record
TN:
SF:src/finance/components/BharatLongCard.tsx
FN:1,(empty-report)
FNF:1
FNH:0
FNDA:0,(empty-report)
DA:1,0
DA:2,0
DA:3,0
DA:4,0
DA:5,0
DA:6,0
DA:7,0
DA:9,0
DA:14,0
DA:15,0
DA:16,0
DA:17,0
DA:18,0
DA:19,0
DA:20,0
DA:21,0
DA:22,0
DA:23,0
DA:24,0
DA:26,0
DA:27,0
DA:28,0
DA:29,0
DA:30,0
DA:31,0
DA:32,0
DA:33,0
DA:34,0
DA:35,0
DA:36,0
DA:37,0
DA:38,0
DA:39,0
DA:40,0
DA:42,0
DA:44,0
LF:36
LH:0
BRDA:1,0,0,0
BRF:1
BRH:0
end_of_record
TN:
SF:src/finance/components/NewsList.tsx
FN:1,(empty-report)
FNF:1
FNH:1
FNDA:1,(empty-report)
DA:2,0
DA:3,0
DA:4,0
DA:6,0
DA:7,0
DA:8,0
DA:9,0
DA:10,0
DA:11,0
DA:12,0
DA:13,0
DA:14,0
DA:15,0
DA:16,0
DA:17,0
DA:18,0
DA:19,0
DA:20,0
DA:21,0
DA:22,0
DA:24,0
DA:25,0
DA:26,0
DA:27,0
DA:29,0
DA:30,0
DA:32,0
LF:27
LH:0
BRDA:1,0,0,1
BRF:1
BRH:1
end_of_record
TN:
SF:src/finance/components/SourceTray.tsx
FN:1,(empty-report)
FNF:1
FNH:1
FNDA:1,(empty-report)
DA:3,0
DA:4,0
DA:5,0
DA:6,0
DA:7,0
DA:8,0
DA:9,0
LF:7
LH:0
BRDA:1,0,0,1
BRF:1
BRH:1
end_of_record
TN:
SF:src/finance/components/SourcesSidePanel.tsx
FN:1,(empty-report)
FNF:1
FNH:0
FNDA:0,(empty-report)
DA:1,0
DA:2,0
DA:3,0
DA:5,0
DA:6,0
DA:7,0
DA:8,0
DA:9,0
DA:10,0
DA:11,0
DA:12,0
DA:13,0
DA:15,0
DA:16,0
DA:17,0
DA:18,0
DA:19,0
DA:20,0
DA:21,0
DA:22,0
DA:23,0
DA:24,0
DA:25,0
DA:26,0
DA:27,0
DA:28,0
DA:29,0
DA:30,0
DA:31,0
DA:32,0
DA:33,0
DA:34,0
DA:35,0
DA:37,0
DA:39,0
LF:35
LH:0
BRDA:1,0,0,0
BRF:1
BRH:0
end_of_record
TN:
SF:src/finance/components/StateCard.tsx
FN:1,(empty-report)
FNF:1
FNH:0
FNDA:0,(empty-report)
DA:1,0
DA:2,0
DA:3,0
DA:4,0
DA:5,0
DA:6,0
DA:7,0
DA:8,0
DA:9,0
DA:11,0
DA:17,0
DA:18,0
DA:19,0
DA:20,0
DA:21,0
DA:22,0
DA:23,0
DA:24,0
DA:25,0
DA:26,0
DA:27,0
DA:28,0
DA:29,0
DA:30,0
DA:31,0
DA:32,0
DA:33,0
DA:34,0
DA:35,0
DA:36,0
DA:37,0
DA:38,0
DA:40,0
DA:41,0
DA:42,0
DA:43,0
DA:44,0
DA:45,0
DA:46,0
DA:47,0
DA:48,0
DA:49,0
DA:51,0
DA:53,0
LF:44
LH:0
BRDA:1,0,0,0
BRF:1
BRH:0
end_of_record
TN:
SF:src/finance/components/StatesGrid.tsx
FN:1,(empty-report)
FNF:1
FNH:0
FNDA:0,(empty-report)
DA:1,0
DA:2,0
DA:3,0
DA:11,0
DA:12,0
DA:13,0
DA:14,0
DA:15,0
DA:16,0
DA:18,0
DA:20,0
DA:21,0
DA:22,0
DA:23,0
DA:24,0
DA:25,0
DA:26,0
DA:27,0
DA:28,0
DA:29,0
DA:30,0
DA:31,0
DA:33,0
LF:23
LH:0
BRDA:1,0,0,0
BRF:1
BRH:0
end_of_record
TN:
SF:src/pages/Finance.tsx
FN:1,(empty-report)
FNF:1
FNH:0
FNDA:0,(empty-report)
DA:1,0
DA:2,0
DA:3,0
DA:4,0
DA:5,0
DA:6,0
DA:7,0
DA:9,0
DA:10,0
DA:11,0
DA:13,0
DA:14,0
DA:15,0
DA:16,0
DA:17,0
DA:18,0
DA:19,0
DA:21,0
DA:22,0
DA:23,0
DA:24,0
DA:25,0
DA:26,0
DA:27,0
DA:28,0
DA:29,0
DA:30,0
DA:31,0
DA:32,0
DA:34,0
DA:36,0
DA:37,0
DA:38,0
DA:39,0
DA:40,0
DA:41,0
DA:42,0
DA:43,0
DA:44,0
DA:45,0
DA:46,0
DA:47,0
DA:48,0
DA:49,0
DA:50,0
DA:51,0
DA:52,0
DA:54,0
DA:56,0
DA:57,0
DA:58,0
DA:59,0
DA:60,0
DA:62,0
LF:54
LH:0
BRDA:1,0,0,0
BRF:1
BRH:0
end_of_record
TN:
SF:src/routes/en/finance/Page.tsx
FN:9,FinancePageEn
FNF:1
FNH:1
FNDA:1,FinancePageEn
DA:1,1
DA:2,1
DA:3,1
DA:4,1
DA:5,1
DA:6,1
DA:7,1
DA:9,1
DA:10,1
DA:11,1
DA:12,1
DA:14,1
DA:15,1
DA:16,1
DA:17,1
DA:18,0
DA:20,1
DA:21,1
DA:22,1
DA:23,1
DA:24,1
DA:25,1
DA:27,1
DA:28,1
DA:29,1
DA:30,0
DA:32,1
DA:33,1
DA:34,1
DA:35,1
DA:36,1
DA:37,1
DA:38,1
DA:40,1
DA:41,3
DA:42,1
DA:43,1
DA:44,1
DA:46,1
DA:48,1
LF:40
LH:38
BRDA:9,0,0,1
BRDA:17,1,0,0
BRDA:29,2,0,0
BRDA:11,3,0,1
BRDA:22,4,0,5
BRDA:35,5,0,5
BRDA:40,6,0,4
BRDA:40,7,0,3
BRF:8
BRH:6
end_of_record
TN:
SF:src/routes/hi/finance/Page.tsx
FN:9,FinancePageHi
FNF:1
FNH:1
FNDA:2,FinancePageHi
DA:1,1
DA:2,1
DA:3,1
DA:4,1
DA:5,1
DA:6,1
DA:7,1
DA:9,1
DA:10,2
DA:11,2
DA:12,2
DA:14,2
DA:15,2
DA:16,2
DA:17,2
DA:18,1
DA:20,1
DA:21,1
DA:22,1
DA:23,1
DA:24,1
DA:25,1
DA:27,2
DA:28,2
DA:29,2
DA:30,1
DA:32,1
DA:33,1
DA:34,1
DA:35,1
DA:36,1
DA:37,1
DA:38,1
DA:40,2
DA:41,6
DA:42,2
DA:43,2
DA:44,2
DA:46,2
DA:48,1
LF:40
LH:40
BRDA:9,0,0,2
BRDA:17,1,0,1
BRDA:17,2,0,1
BRDA:18,3,0,1
BRDA:29,4,0,1
BRDA:29,5,0,1
BRDA:30,6,0,1
BRDA:11,7,0,2
BRDA:22,8,0,5
BRDA:35,9,0,5
BRDA:40,10,0,8
BRDA:40,11,0,6
BRF:12
BRH:12
end_of_record
TN:
SF:src/utils/quicksort.js
FN:1,(empty-report)
FNF:1
FNH:0
FNDA:0,(empty-report)
DA:1,0
DA:2,0
DA:3,0
DA:4,0
DA:5,0
DA:6,0
DA:7,0
DA:8,0
DA:9,0
DA:10,0
DA:11,0
DA:13,0
DA:14,0
DA:15,0
DA:16,0
DA:17,0
DA:18,0
DA:20,0
DA:21,0
DA:22,0
DA:23,0
DA:24,0
DA:25,0
DA:26,0
DA:27,0
DA:28,0
DA:29,0
DA:30,0
DA:31,0
DA:33,0
DA:34,0
LF:31
LH:0
BRDA:1,0,0,0
BRF:1
BRH:0
end_of_record
